<?xml version="1.0" encoding="UTF-8"?>
<coverage generated="1538476175315" clover="3.2.0">
  <project timestamp="1538476175315" name="All files">
    <metrics statements="67" coveredstatements="8" conditionals="6" coveredconditionals="0" methods="50" coveredmethods="0" elements="123" coveredelements="8" complexity="0" loc="67" ncloc="67" packages="9" files="17" classes="17">
      <package name="components.RecentPayments">
        <metrics statements="24" coveredstatements="8" conditionals="6" coveredconditionals="0" methods="11" coveredmethods="0"/>
        <file name="Amount.vue" path="/srv/atlas/acmobilewallet/src/components/RecentPayments/Amount.vue">
          <metrics statements="4" coveredstatements="1" conditionals="2" coveredconditionals="0" methods="2" coveredmethods="0"/>
          <line num="20" count="1" type="stmt"/>
          <line num="32" count="0" type="stmt"/>
          <line num="38" count="0" type="stmt"/>
          <line num="39" count="0" type="cond" truecount="0" falsecount="2"/>
        </file>
        <file name="Payment.vue" path="/srv/atlas/acmobilewallet/src/components/RecentPayments/Payment.vue">
          <metrics statements="3" coveredstatements="2" conditionals="0" coveredconditionals="0" methods="1" coveredmethods="0"/>
          <line num="24" count="1" type="stmt"/>
          <line num="25" count="1" type="stmt"/>
          <line num="40" count="0" type="stmt"/>
        </file>
        <file name="PaymentsGroup.vue" path="/srv/atlas/acmobilewallet/src/components/RecentPayments/PaymentsGroup.vue">
          <metrics statements="2" coveredstatements="2" conditionals="0" coveredconditionals="0" methods="0" coveredmethods="0"/>
          <line num="13" count="1" type="stmt"/>
          <line num="14" count="1" type="stmt"/>
        </file>
        <file name="PaymentsGroupHeader.vue" path="/srv/atlas/acmobilewallet/src/components/RecentPayments/PaymentsGroupHeader.vue">
          <metrics statements="2" coveredstatements="1" conditionals="0" coveredconditionals="0" methods="2" coveredmethods="0"/>
          <line num="13" count="1" type="stmt"/>
          <line num="28" count="0" type="stmt"/>
        </file>
        <file name="RecentPayments.vue" path="/srv/atlas/acmobilewallet/src/components/RecentPayments/RecentPayments.vue">
          <metrics statements="13" coveredstatements="2" conditionals="4" coveredconditionals="0" methods="6" coveredmethods="0"/>
          <line num="12" count="1" type="stmt"/>
          <line num="13" count="1" type="stmt"/>
          <line num="22" count="0" type="stmt"/>
          <line num="25" count="0" type="stmt"/>
          <line num="26" count="0" type="stmt"/>
          <line num="28" count="0" type="stmt"/>
          <line num="29" count="0" type="stmt"/>
          <line num="31" count="0" type="cond" truecount="0" falsecount="2"/>
          <line num="32" count="0" type="stmt"/>
          <line num="38" count="0" type="stmt"/>
          <line num="39" count="0" type="cond" truecount="0" falsecount="2"/>
          <line num="40" count="0" type="stmt"/>
          <line num="44" count="0" type="stmt"/>
        </file>
      </package>
      <package name="i18n">
        <metrics statements="1" coveredstatements="0" conditionals="0" coveredconditionals="0" methods="0" coveredmethods="0"/>
        <file name="index.js" path="/srv/atlas/acmobilewallet/src/i18n/index.js">
          <metrics statements="1" coveredstatements="0" conditionals="0" coveredconditionals="0" methods="0" coveredmethods="0"/>
          <line num="1" count="0" type="stmt"/>
        </file>
      </package>
      <package name="layouts">
        <metrics statements="3" coveredstatements="0" conditionals="0" coveredconditionals="0" methods="2" coveredmethods="0"/>
        <file name="Authed.vue" path="/srv/atlas/acmobilewallet/src/layouts/Authed.vue">
          <metrics statements="2" coveredstatements="0" conditionals="0" coveredconditionals="0" methods="1" coveredmethods="0"/>
          <line num="83" count="0" type="stmt"/>
          <line num="88" count="0" type="stmt"/>
        </file>
        <file name="UnAuthed.vue" path="/srv/atlas/acmobilewallet/src/layouts/UnAuthed.vue">
          <metrics statements="1" coveredstatements="0" conditionals="0" coveredconditionals="0" methods="1" coveredmethods="0"/>
          <line num="13" count="0" type="stmt"/>
        </file>
      </package>
      <package name="pages">
        <metrics statements="4" coveredstatements="0" conditionals="0" coveredconditionals="0" methods="27" coveredmethods="0"/>
        <file name="Balance.vue" path="/srv/atlas/acmobilewallet/src/pages/Balance.vue">
          <metrics statements="2" coveredstatements="0" conditionals="0" coveredconditionals="0" methods="9" coveredmethods="0"/>
          <line num="10" count="0" type="stmt"/>
          <line num="18" count="0" type="stmt"/>
        </file>
        <file name="PinPad.vue" path="/srv/atlas/acmobilewallet/src/pages/PinPad.vue">
          <metrics statements="1" coveredstatements="0" conditionals="0" coveredconditionals="0" methods="9" coveredmethods="0"/>
          <line num="12" count="0" type="stmt"/>
        </file>
        <file name="pageTemplate.vue" path="/srv/atlas/acmobilewallet/src/pages/pageTemplate.vue">
          <metrics statements="1" coveredstatements="0" conditionals="0" coveredconditionals="0" methods="9" coveredmethods="0"/>
          <line num="10" count="0" type="stmt"/>
        </file>
      </package>
      <package name="plugins">
        <metrics statements="8" coveredstatements="0" conditionals="0" coveredconditionals="0" methods="0" coveredmethods="0"/>
        <file name="axios.js" path="/srv/atlas/acmobilewallet/src/plugins/axios.js">
          <metrics statements="3" coveredstatements="0" conditionals="0" coveredconditionals="0" methods="0" coveredmethods="0"/>
          <line num="1" count="0" type="stmt"/>
          <line num="3" count="0" type="stmt"/>
          <line num="4" count="0" type="stmt"/>
        </file>
        <file name="i18n.js" path="/srv/atlas/acmobilewallet/src/plugins/i18n.js">
          <metrics statements="5" coveredstatements="0" conditionals="0" coveredconditionals="0" methods="0" coveredmethods="0"/>
          <line num="1" count="0" type="stmt"/>
          <line num="2" count="0" type="stmt"/>
          <line num="4" count="0" type="stmt"/>
          <line num="5" count="0" type="stmt"/>
          <line num="8" count="0" type="stmt"/>
        </file>
      </package>
      <package name="router">
        <metrics statements="12" coveredstatements="0" conditionals="0" coveredconditionals="0" methods="9" coveredmethods="0"/>
        <file name="index.js" path="/srv/atlas/acmobilewallet/src/router/index.js">
          <metrics statements="12" coveredstatements="0" conditionals="0" coveredconditionals="0" methods="9" coveredmethods="0"/>
          <line num="1" count="0" type="stmt"/>
          <line num="2" count="0" type="stmt"/>
          <line num="4" count="0" type="stmt"/>
          <line num="7" count="0" type="stmt"/>
          <line num="11" count="0" type="stmt"/>
          <line num="13" count="0" type="stmt"/>
          <line num="18" count="0" type="stmt"/>
          <line num="20" count="0" type="stmt"/>
          <line num="25" count="0" type="stmt"/>
          <line num="27" count="0" type="stmt"/>
          <line num="32" count="0" type="stmt"/>
          <line num="34" count="0" type="stmt"/>
        </file>
      </package>
      <package name="store">
        <metrics statements="7" coveredstatements="0" conditionals="0" coveredconditionals="0" methods="1" coveredmethods="0"/>
        <file name="index.js" path="/srv/atlas/acmobilewallet/src/store/index.js">
          <metrics statements="7" coveredstatements="0" conditionals="0" coveredconditionals="0" methods="1" coveredmethods="0"/>
          <line num="1" count="0" type="stmt"/>
          <line num="2" count="0" type="stmt"/>
          <line num="4" count="0" type="stmt"/>
          <line num="5" count="0" type="stmt"/>
          <line num="7" count="0" type="stmt"/>
          <line num="10" count="0" type="stmt"/>
          <line num="17" count="0" type="stmt"/>
        </file>
      </package>
      <package name="store.module-example">
        <metrics statements="4" coveredstatements="0" conditionals="0" coveredconditionals="0" methods="0" coveredmethods="0"/>
        <file name="index.js" path="/srv/atlas/acmobilewallet/src/store/module-example/index.js">
          <metrics statements="4" coveredstatements="0" conditionals="0" coveredconditionals="0" methods="0" coveredmethods="0"/>
          <line num="1" count="0" type="stmt"/>
          <line num="2" count="0" type="stmt"/>
          <line num="3" count="0" type="stmt"/>
          <line num="4" count="0" type="stmt"/>
        </file>
      </package>
      <package name="store.module-wallet">
        <metrics statements="4" coveredstatements="0" conditionals="0" coveredconditionals="0" methods="0" coveredmethods="0"/>
        <file name="index.js" path="/srv/atlas/acmobilewallet/src/store/module-wallet/index.js">
          <metrics statements="4" coveredstatements="0" conditionals="0" coveredconditionals="0" methods="0" coveredmethods="0"/>
          <line num="1" count="0" type="stmt"/>
          <line num="2" count="0" type="stmt"/>
          <line num="3" count="0" type="stmt"/>
          <line num="4" count="0" type="stmt"/>
        </file>
      </package>
    </metrics>
  </project>
</coverage>
