{"/srv/atlas/acmobilewallet/src/components/RecentPayments/Amount.vue": {"path":"/srv/atlas/acmobilewallet/src/components/RecentPayments/Amount.vue","statementMap":{"0":{"start":{"line":20,"column":0},"end":{"line":null,"column":-1}},"1":{"start":{"line":32,"column":0},"end":{"line":null,"column":-1}},"2":{"start":{"line":38,"column":0},"end":{"line":null,"column":-1}},"3":{"start":{"line":39,"column":0},"end":{"line":null,"column":-1}}},"fnMap":{"0":{"name":"_default","decl":{"start":{"line":31,"column":0},"end":{"line":null,"column":-1}},"loc":{"start":{"line":31,"column":0},"end":{"line":33,"column":0}}},"1":{"name":"formattedAmount","decl":{"start":{"line":37,"column":0},"end":{"line":null,"column":-1}},"loc":{"start":{"line":37,"column":0},"end":{"line":40,"column":0}}}},"branchMap":{"0":{"loc":{"start":{"line":39,"column":0},"end":{"line":null,"column":-1}},"type":"cond-expr","locations":[{"start":{"line":39,"column":0},"end":{"line":null,"column":-1}},{"start":{"line":39,"column":0},"end":{"line":null,"column":-1}}]}},"s":{"0":1,"1":0,"2":0,"3":0},"f":{"0":0,"1":0},"b":{"0":[0,0]}}
,"/srv/atlas/acmobilewallet/src/components/RecentPayments/Payment.vue": {"path":"/srv/atlas/acmobilewallet/src/components/RecentPayments/Payment.vue","statementMap":{"0":{"start":{"line":24,"column":0},"end":{"line":null,"column":-1}},"1":{"start":{"line":25,"column":0},"end":{"line":null,"column":-1}},"2":{"start":{"line":40,"column":0},"end":{"line":null,"column":-1}}},"fnMap":{"0":{"name":"paymentTime","decl":{"start":{"line":39,"column":0},"end":{"line":null,"column":-1}},"loc":{"start":{"line":39,"column":0},"end":{"line":41,"column":0}}}},"branchMap":{},"s":{"0":1,"1":1,"2":0},"f":{"0":0},"b":{}}
,"/srv/atlas/acmobilewallet/src/components/RecentPayments/PaymentsGroup.vue": {"path":"/srv/atlas/acmobilewallet/src/components/RecentPayments/PaymentsGroup.vue","statementMap":{"0":{"start":{"line":13,"column":0},"end":{"line":null,"column":-1}},"1":{"start":{"line":14,"column":0},"end":{"line":null,"column":-1}}},"fnMap":{},"branchMap":{},"s":{"0":1,"1":1},"f":{},"b":{}}
,"/srv/atlas/acmobilewallet/src/components/RecentPayments/PaymentsGroupHeader.vue": {"path":"/srv/atlas/acmobilewallet/src/components/RecentPayments/PaymentsGroupHeader.vue","statementMap":{"0":{"start":{"line":13,"column":0},"end":{"line":null,"column":-1}},"1":{"start":{"line":28,"column":0},"end":{"line":null,"column":-1}}},"fnMap":{"0":{"name":"balanceChange","decl":{"start":{"line":27,"column":0},"end":{"line":null,"column":-1}},"loc":{"start":{"line":27,"column":0},"end":{"line":29,"column":0}}},"1":{"name":"(anonymous_2)","decl":{"start":{"line":28,"column":0},"end":{"line":null,"column":-1}},"loc":{"start":{"line":28,"column":0},"end":{"line":null,"column":-1}}}},"branchMap":{},"s":{"0":1,"1":0},"f":{"0":0,"1":0},"b":{}}
,"/srv/atlas/acmobilewallet/src/components/RecentPayments/RecentPayments.vue": {"path":"/srv/atlas/acmobilewallet/src/components/RecentPayments/RecentPayments.vue","statementMap":{"0":{"start":{"line":12,"column":0},"end":{"line":null,"column":-1}},"1":{"start":{"line":13,"column":0},"end":{"line":null,"column":-1}},"2":{"start":{"line":22,"column":0},"end":{"line":null,"column":-1}},"3":{"start":{"line":25,"column":0},"end":{"line":null,"column":-1}},"4":{"start":{"line":26,"column":0},"end":{"line":null,"column":-1}},"5":{"start":{"line":28,"column":0},"end":{"line":42,"column":0}},"6":{"start":{"line":29,"column":0},"end":{"line":null,"column":-1}},"7":{"start":{"line":31,"column":0},"end":{"line":36,"column":0}},"8":{"start":{"line":32,"column":0},"end":{"line":null,"column":-1}},"9":{"start":{"line":38,"column":0},"end":{"line":41,"column":0}},"10":{"start":{"line":39,"column":0},"end":{"line":null,"column":-1}},"11":{"start":{"line":40,"column":0},"end":{"line":null,"column":-1}},"12":{"start":{"line":44,"column":0},"end":{"line":null,"column":-1}}},"fnMap":{"0":{"name":"payments","decl":{"start":{"line":21,"column":0},"end":{"line":null,"column":-1}},"loc":{"start":{"line":21,"column":0},"end":{"line":23,"column":0}}},"1":{"name":"groupedPayments","decl":{"start":{"line":24,"column":0},"end":{"line":null,"column":-1}},"loc":{"start":{"line":24,"column":0},"end":{"line":45,"column":0}}},"2":{"name":"(anonymous_3)","decl":{"start":{"line":25,"column":0},"end":{"line":null,"column":-1}},"loc":{"start":{"line":25,"column":0},"end":{"line":null,"column":-1}}},"3":{"name":"(anonymous_4)","decl":{"start":{"line":28,"column":0},"end":{"line":null,"column":-1}},"loc":{"start":{"line":28,"column":0},"end":{"line":42,"column":0}}},"4":{"name":"(anonymous_5)","decl":{"start":{"line":29,"column":0},"end":{"line":null,"column":-1}},"loc":{"start":{"line":29,"column":0},"end":{"line":null,"column":-1}}},"5":{"name":"(anonymous_6)","decl":{"start":{"line":38,"column":0},"end":{"line":null,"column":-1}},"loc":{"start":{"line":38,"column":0},"end":{"line":41,"column":0}}}},"branchMap":{"0":{"loc":{"start":{"line":31,"column":0},"end":{"line":36,"column":0}},"type":"if","locations":[{"start":{"line":31,"column":0},"end":{"line":36,"column":0}},{"start":{"line":31,"column":0},"end":{"line":36,"column":0}}]},"1":{"loc":{"start":{"line":39,"column":0},"end":{"line":null,"column":-1}},"type":"if","locations":[{"start":{"line":39,"column":0},"end":{"line":null,"column":-1}},{"start":{"line":39,"column":0},"end":{"line":null,"column":-1}}]}},"s":{"0":1,"1":1,"2":0,"3":0,"4":0,"5":0,"6":0,"7":0,"8":0,"9":0,"10":0,"11":0,"12":0},"f":{"0":0,"1":0,"2":0,"3":0,"4":0,"5":0},"b":{"0":[0,0],"1":[0,0]}}
,"/srv/atlas/acmobilewallet/src/i18n/index.js": {"path":"/srv/atlas/acmobilewallet/src/i18n/index.js","statementMap":{"0":{"start":{"line":1,"column":0},"end":{"line":null,"column":-1}}},"fnMap":{},"branchMap":{},"s":{"0":0},"f":{},"b":{}}
,"/srv/atlas/acmobilewallet/src/layouts/Authed.vue": {"path":"/srv/atlas/acmobilewallet/src/layouts/Authed.vue","statementMap":{"0":{"start":{"line":83,"column":0},"end":{"line":null,"column":-1}},"1":{"start":{"line":88,"column":0},"end":{"line":null,"column":-1}}},"fnMap":{"0":{"name":"data","decl":{"start":{"line":87,"column":0},"end":{"line":null,"column":-1}},"loc":{"start":{"line":87,"column":0},"end":{"line":91,"column":0}}}},"branchMap":{},"s":{"0":0,"1":0},"f":{"0":0},"b":{}}
,"/srv/atlas/acmobilewallet/src/layouts/UnAuthed.vue": {"path":"/srv/atlas/acmobilewallet/src/layouts/UnAuthed.vue","statementMap":{"0":{"start":{"line":13,"column":0},"end":{"line":null,"column":-1}}},"fnMap":{"0":{"name":"data","decl":{"start":{"line":12,"column":0},"end":{"line":null,"column":-1}},"loc":{"start":{"line":12,"column":0},"end":{"line":16,"column":0}}}},"branchMap":{},"s":{"0":0},"f":{"0":0},"b":{}}
,"/srv/atlas/acmobilewallet/src/pages/Balance.vue": {"path":"/srv/atlas/acmobilewallet/src/pages/Balance.vue","statementMap":{"0":{"start":{"line":10,"column":0},"end":{"line":null,"column":-1}},"1":{"start":{"line":18,"column":0},"end":{"line":null,"column":-1}}},"fnMap":{"0":{"name":"data","decl":{"start":{"line":17,"column":0},"end":{"line":null,"column":-1}},"loc":{"start":{"line":17,"column":0},"end":{"line":21,"column":0}}},"1":{"name":"beforeCreate","decl":{"start":{"line":23,"column":0},"end":{"line":null,"column":-1}},"loc":{"start":{"line":23,"column":0},"end":{"line":null,"column":-1}}},"2":{"name":"created","decl":{"start":{"line":27,"column":0},"end":{"line":null,"column":-1}},"loc":{"start":{"line":27,"column":0},"end":{"line":null,"column":-1}}},"3":{"name":"beforeMount","decl":{"start":{"line":31,"column":0},"end":{"line":null,"column":-1}},"loc":{"start":{"line":31,"column":0},"end":{"line":null,"column":-1}}},"4":{"name":"mounted","decl":{"start":{"line":35,"column":0},"end":{"line":null,"column":-1}},"loc":{"start":{"line":35,"column":0},"end":{"line":null,"column":-1}}},"5":{"name":"beforeUpdate","decl":{"start":{"line":39,"column":0},"end":{"line":null,"column":-1}},"loc":{"start":{"line":39,"column":0},"end":{"line":null,"column":-1}}},"6":{"name":"updated","decl":{"start":{"line":43,"column":0},"end":{"line":null,"column":-1}},"loc":{"start":{"line":43,"column":0},"end":{"line":null,"column":-1}}},"7":{"name":"beforeDestroy","decl":{"start":{"line":47,"column":0},"end":{"line":null,"column":-1}},"loc":{"start":{"line":47,"column":0},"end":{"line":null,"column":-1}}},"8":{"name":"destroyed","decl":{"start":{"line":51,"column":0},"end":{"line":null,"column":-1}},"loc":{"start":{"line":51,"column":0},"end":{"line":null,"column":-1}}}},"branchMap":{},"s":{"0":0,"1":0},"f":{"0":0,"1":0,"2":0,"3":0,"4":0,"5":0,"6":0,"7":0,"8":0},"b":{}}
,"/srv/atlas/acmobilewallet/src/pages/PinPad.vue": {"path":"/srv/atlas/acmobilewallet/src/pages/PinPad.vue","statementMap":{"0":{"start":{"line":12,"column":0},"end":{"line":null,"column":-1}}},"fnMap":{"0":{"name":"data","decl":{"start":{"line":11,"column":0},"end":{"line":null,"column":-1}},"loc":{"start":{"line":11,"column":0},"end":{"line":15,"column":0}}},"1":{"name":"beforeCreate","decl":{"start":{"line":17,"column":0},"end":{"line":null,"column":-1}},"loc":{"start":{"line":17,"column":0},"end":{"line":null,"column":-1}}},"2":{"name":"created","decl":{"start":{"line":21,"column":0},"end":{"line":null,"column":-1}},"loc":{"start":{"line":21,"column":0},"end":{"line":null,"column":-1}}},"3":{"name":"beforeMount","decl":{"start":{"line":25,"column":0},"end":{"line":null,"column":-1}},"loc":{"start":{"line":25,"column":0},"end":{"line":null,"column":-1}}},"4":{"name":"mounted","decl":{"start":{"line":29,"column":0},"end":{"line":null,"column":-1}},"loc":{"start":{"line":29,"column":0},"end":{"line":null,"column":-1}}},"5":{"name":"beforeUpdate","decl":{"start":{"line":33,"column":0},"end":{"line":null,"column":-1}},"loc":{"start":{"line":33,"column":0},"end":{"line":null,"column":-1}}},"6":{"name":"updated","decl":{"start":{"line":37,"column":0},"end":{"line":null,"column":-1}},"loc":{"start":{"line":37,"column":0},"end":{"line":null,"column":-1}}},"7":{"name":"beforeDestroy","decl":{"start":{"line":41,"column":0},"end":{"line":null,"column":-1}},"loc":{"start":{"line":41,"column":0},"end":{"line":null,"column":-1}}},"8":{"name":"destroyed","decl":{"start":{"line":45,"column":0},"end":{"line":null,"column":-1}},"loc":{"start":{"line":45,"column":0},"end":{"line":null,"column":-1}}}},"branchMap":{},"s":{"0":0},"f":{"0":0,"1":0,"2":0,"3":0,"4":0,"5":0,"6":0,"7":0,"8":0},"b":{}}
,"/srv/atlas/acmobilewallet/src/pages/pageTemplate.vue": {"path":"/srv/atlas/acmobilewallet/src/pages/pageTemplate.vue","statementMap":{"0":{"start":{"line":10,"column":0},"end":{"line":null,"column":-1}}},"fnMap":{"0":{"name":"data","decl":{"start":{"line":9,"column":0},"end":{"line":null,"column":-1}},"loc":{"start":{"line":9,"column":0},"end":{"line":13,"column":0}}},"1":{"name":"beforeCreate","decl":{"start":{"line":15,"column":0},"end":{"line":null,"column":-1}},"loc":{"start":{"line":15,"column":0},"end":{"line":null,"column":-1}}},"2":{"name":"created","decl":{"start":{"line":19,"column":0},"end":{"line":null,"column":-1}},"loc":{"start":{"line":19,"column":0},"end":{"line":null,"column":-1}}},"3":{"name":"beforeMount","decl":{"start":{"line":23,"column":0},"end":{"line":null,"column":-1}},"loc":{"start":{"line":23,"column":0},"end":{"line":null,"column":-1}}},"4":{"name":"mounted","decl":{"start":{"line":27,"column":0},"end":{"line":null,"column":-1}},"loc":{"start":{"line":27,"column":0},"end":{"line":null,"column":-1}}},"5":{"name":"beforeUpdate","decl":{"start":{"line":31,"column":0},"end":{"line":null,"column":-1}},"loc":{"start":{"line":31,"column":0},"end":{"line":null,"column":-1}}},"6":{"name":"updated","decl":{"start":{"line":35,"column":0},"end":{"line":null,"column":-1}},"loc":{"start":{"line":35,"column":0},"end":{"line":null,"column":-1}}},"7":{"name":"beforeDestroy","decl":{"start":{"line":39,"column":0},"end":{"line":null,"column":-1}},"loc":{"start":{"line":39,"column":0},"end":{"line":null,"column":-1}}},"8":{"name":"destroyed","decl":{"start":{"line":43,"column":0},"end":{"line":null,"column":-1}},"loc":{"start":{"line":43,"column":0},"end":{"line":null,"column":-1}}}},"branchMap":{},"s":{"0":0},"f":{"0":0,"1":0,"2":0,"3":0,"4":0,"5":0,"6":0,"7":0,"8":0},"b":{}}
,"/srv/atlas/acmobilewallet/src/plugins/axios.js": {"path":"/srv/atlas/acmobilewallet/src/plugins/axios.js","statementMap":{"0":{"start":{"line":1,"column":0},"end":{"line":null,"column":-1}},"1":{"start":{"line":3,"column":28},"end":{"line":3,"column":27}},"2":{"start":{"line":4,"column":2},"end":{"line":null,"column":-1}}},"fnMap":{},"branchMap":{},"s":{"0":0,"1":0,"2":0},"f":{},"b":{}}
,"/srv/atlas/acmobilewallet/src/plugins/i18n.js": {"path":"/srv/atlas/acmobilewallet/src/plugins/i18n.js","statementMap":{"0":{"start":{"line":1,"column":0},"end":{"line":null,"column":-1}},"1":{"start":{"line":2,"column":0},"end":{"line":null,"column":-1}},"2":{"start":{"line":4,"column":33},"end":{"line":4,"column":32}},"3":{"start":{"line":5,"column":2},"end":{"line":null,"column":-1}},"4":{"start":{"line":8,"column":2},"end":{"line":null,"column":-1}}},"fnMap":{},"branchMap":{},"s":{"0":0,"1":0,"2":0,"3":0,"4":0},"f":{},"b":{}}
,"/srv/atlas/acmobilewallet/src/router/index.js": {"path":"/srv/atlas/acmobilewallet/src/router/index.js","statementMap":{"0":{"start":{"line":1,"column":0},"end":{"line":null,"column":-1}},"1":{"start":{"line":2,"column":0},"end":{"line":null,"column":-1}},"2":{"start":{"line":4,"column":0},"end":{"line":null,"column":-1}},"3":{"start":{"line":7,"column":18},"end":{"line":null,"column":-1}},"4":{"start":{"line":11,"column":17},"end":{"line":null,"column":-1}},"5":{"start":{"line":13,"column":31},"end":{"line":null,"column":-1}},"6":{"start":{"line":18,"column":17},"end":{"line":null,"column":-1}},"7":{"start":{"line":20,"column":31},"end":{"line":null,"column":-1}},"8":{"start":{"line":25,"column":17},"end":{"line":null,"column":-1}},"9":{"start":{"line":27,"column":31},"end":{"line":null,"column":-1}},"10":{"start":{"line":32,"column":17},"end":{"line":null,"column":-1}},"11":{"start":{"line":34,"column":31},"end":{"line":null,"column":-1}}},"fnMap":{"0":{"name":"scrollBehavior","decl":{"start":{"line":7,"column":18},"end":{"line":null,"column":-1}},"loc":{"start":{"line":7,"column":18},"end":{"line":6,"column":29}}},"1":{"name":"component","decl":{"start":{"line":11,"column":17},"end":{"line":null,"column":-1}},"loc":{"start":{"line":11,"column":17},"end":{"line":9,"column":4}}},"2":{"name":"component","decl":{"start":{"line":13,"column":31},"end":{"line":null,"column":-1}},"loc":{"start":{"line":13,"column":31},"end":{"line":null,"column":-1}}},"3":{"name":"component","decl":{"start":{"line":18,"column":17},"end":{"line":null,"column":-1}},"loc":{"start":{"line":18,"column":17},"end":{"line":16,"column":4}}},"4":{"name":"component","decl":{"start":{"line":20,"column":31},"end":{"line":null,"column":-1}},"loc":{"start":{"line":20,"column":31},"end":{"line":null,"column":-1}}},"5":{"name":"component","decl":{"start":{"line":25,"column":17},"end":{"line":null,"column":-1}},"loc":{"start":{"line":25,"column":17},"end":{"line":23,"column":4}}},"6":{"name":"component","decl":{"start":{"line":27,"column":31},"end":{"line":null,"column":-1}},"loc":{"start":{"line":27,"column":31},"end":{"line":null,"column":-1}}},"7":{"name":"component","decl":{"start":{"line":32,"column":17},"end":{"line":null,"column":-1}},"loc":{"start":{"line":32,"column":17},"end":{"line":30,"column":4}}},"8":{"name":"component","decl":{"start":{"line":34,"column":31},"end":{"line":null,"column":-1}},"loc":{"start":{"line":34,"column":31},"end":{"line":null,"column":-1}}}},"branchMap":{},"s":{"0":0,"1":0,"2":0,"3":0,"4":0,"5":0,"6":0,"7":0,"8":0,"9":0,"10":0,"11":0},"f":{"0":0,"1":0,"2":0,"3":0,"4":0,"5":0,"6":0,"7":0,"8":0},"b":{}}
,"/srv/atlas/acmobilewallet/src/store/index.js": {"path":"/srv/atlas/acmobilewallet/src/store/index.js","statementMap":{"0":{"start":{"line":1,"column":0},"end":{"line":null,"column":-1}},"1":{"start":{"line":2,"column":0},"end":{"line":null,"column":-1}},"2":{"start":{"line":4,"column":0},"end":{"line":null,"column":-1}},"3":{"start":{"line":5,"column":0},"end":{"line":null,"column":-1}},"4":{"start":{"line":7,"column":0},"end":{"line":null,"column":-1}},"5":{"start":{"line":10,"column":16},"end":{"line":10,"column":2}},"6":{"start":{"line":17,"column":2},"end":{"line":null,"column":-1}}},"fnMap":{"0":{"name":"_default","decl":{"start":{"line":9,"column":15},"end":{"line":9,"column":46}},"loc":{"start":{"line":9,"column":47},"end":{"line":18,"column":1}}}},"branchMap":{},"s":{"0":0,"1":0,"2":0,"3":0,"4":0,"5":0,"6":0},"f":{"0":0},"b":{}}
,"/srv/atlas/acmobilewallet/src/store/module-example/index.js": {"path":"/srv/atlas/acmobilewallet/src/store/module-example/index.js","statementMap":{"0":{"start":{"line":1,"column":0},"end":{"line":null,"column":-1}},"1":{"start":{"line":2,"column":0},"end":{"line":null,"column":-1}},"2":{"start":{"line":3,"column":0},"end":{"line":null,"column":-1}},"3":{"start":{"line":4,"column":0},"end":{"line":null,"column":-1}}},"fnMap":{},"branchMap":{},"s":{"0":0,"1":0,"2":0,"3":0},"f":{},"b":{}}
,"/srv/atlas/acmobilewallet/src/store/module-wallet/index.js": {"path":"/srv/atlas/acmobilewallet/src/store/module-wallet/index.js","statementMap":{"0":{"start":{"line":1,"column":0},"end":{"line":null,"column":-1}},"1":{"start":{"line":2,"column":0},"end":{"line":null,"column":-1}},"2":{"start":{"line":3,"column":0},"end":{"line":null,"column":-1}},"3":{"start":{"line":4,"column":0},"end":{"line":null,"column":-1}}},"fnMap":{},"branchMap":{},"s":{"0":0,"1":0,"2":0,"3":0},"f":{},"b":{}}
}
