TN:
SF:/srv/atlas/acmobilewallet/src/components/RecentPayments/Amount.vue
FN:31,_default
FN:37,formattedAmount
FNF:2
FNH:0
FNDA:0,_default
FNDA:0,formattedAmount
DA:20,1
DA:32,0
DA:38,0
DA:39,0
LF:4
LH:1
BRDA:39,0,0,0
BRDA:39,0,1,0
BRF:2
BRH:0
end_of_record
TN:
SF:/srv/atlas/acmobilewallet/src/components/RecentPayments/Payment.vue
FN:39,paymentTime
FNF:1
FNH:0
FNDA:0,paymentTime
DA:24,1
DA:25,1
DA:40,0
LF:3
LH:2
BRF:0
BRH:0
end_of_record
TN:
SF:/srv/atlas/acmobilewallet/src/components/RecentPayments/PaymentsGroup.vue
FNF:0
FNH:0
DA:13,1
DA:14,1
LF:2
LH:2
BRF:0
BRH:0
end_of_record
TN:
SF:/srv/atlas/acmobilewallet/src/components/RecentPayments/PaymentsGroupHeader.vue
FN:27,balanceChange
FN:28,(anonymous_2)
FNF:2
FNH:0
FNDA:0,balanceChange
FNDA:0,(anonymous_2)
DA:13,1
DA:28,0
LF:2
LH:1
BRF:0
BRH:0
end_of_record
TN:
SF:/srv/atlas/acmobilewallet/src/components/RecentPayments/RecentPayments.vue
FN:21,payments
FN:24,groupedPayments
FN:25,(anonymous_3)
FN:28,(anonymous_4)
FN:29,(anonymous_5)
FN:38,(anonymous_6)
FNF:6
FNH:0
FNDA:0,payments
FNDA:0,groupedPayments
FNDA:0,(anonymous_3)
FNDA:0,(anonymous_4)
FNDA:0,(anonymous_5)
FNDA:0,(anonymous_6)
DA:12,1
DA:13,1
DA:22,0
DA:25,0
DA:26,0
DA:28,0
DA:29,0
DA:31,0
DA:32,0
DA:38,0
DA:39,0
DA:40,0
DA:44,0
LF:13
LH:2
BRDA:31,0,0,0
BRDA:31,0,1,0
BRDA:39,1,0,0
BRDA:39,1,1,0
BRF:4
BRH:0
end_of_record
TN:
SF:/srv/atlas/acmobilewallet/src/i18n/index.js
FNF:0
FNH:0
DA:1,0
LF:1
LH:0
BRF:0
BRH:0
end_of_record
TN:
SF:/srv/atlas/acmobilewallet/src/layouts/Authed.vue
FN:87,data
FNF:1
FNH:0
FNDA:0,data
DA:83,0
DA:88,0
LF:2
LH:0
BRF:0
BRH:0
end_of_record
TN:
SF:/srv/atlas/acmobilewallet/src/layouts/UnAuthed.vue
FN:12,data
FNF:1
FNH:0
FNDA:0,data
DA:13,0
LF:1
LH:0
BRF:0
BRH:0
end_of_record
TN:
SF:/srv/atlas/acmobilewallet/src/pages/Balance.vue
FN:17,data
FN:23,beforeCreate
FN:27,created
FN:31,beforeMount
FN:35,mounted
FN:39,beforeUpdate
FN:43,updated
FN:47,beforeDestroy
FN:51,destroyed
FNF:9
FNH:0
FNDA:0,data
FNDA:0,beforeCreate
FNDA:0,created
FNDA:0,beforeMount
FNDA:0,mounted
FNDA:0,beforeUpdate
FNDA:0,updated
FNDA:0,beforeDestroy
FNDA:0,destroyed
DA:10,0
DA:18,0
LF:2
LH:0
BRF:0
BRH:0
end_of_record
TN:
SF:/srv/atlas/acmobilewallet/src/pages/PinPad.vue
FN:11,data
FN:17,beforeCreate
FN:21,created
FN:25,beforeMount
FN:29,mounted
FN:33,beforeUpdate
FN:37,updated
FN:41,beforeDestroy
FN:45,destroyed
FNF:9
FNH:0
FNDA:0,data
FNDA:0,beforeCreate
FNDA:0,created
FNDA:0,beforeMount
FNDA:0,mounted
FNDA:0,beforeUpdate
FNDA:0,updated
FNDA:0,beforeDestroy
FNDA:0,destroyed
DA:12,0
LF:1
LH:0
BRF:0
BRH:0
end_of_record
TN:
SF:/srv/atlas/acmobilewallet/src/pages/pageTemplate.vue
FN:9,data
FN:15,beforeCreate
FN:19,created
FN:23,beforeMount
FN:27,mounted
FN:31,beforeUpdate
FN:35,updated
FN:39,beforeDestroy
FN:43,destroyed
FNF:9
FNH:0
FNDA:0,data
FNDA:0,beforeCreate
FNDA:0,created
FNDA:0,beforeMount
FNDA:0,mounted
FNDA:0,beforeUpdate
FNDA:0,updated
FNDA:0,beforeDestroy
FNDA:0,destroyed
DA:10,0
LF:1
LH:0
BRF:0
BRH:0
end_of_record
TN:
SF:/srv/atlas/acmobilewallet/src/plugins/axios.js
FNF:0
FNH:0
DA:1,0
DA:3,0
DA:4,0
LF:3
LH:0
BRF:0
BRH:0
end_of_record
TN:
SF:/srv/atlas/acmobilewallet/src/plugins/i18n.js
FNF:0
FNH:0
DA:1,0
DA:2,0
DA:4,0
DA:5,0
DA:8,0
LF:5
LH:0
BRF:0
BRH:0
end_of_record
TN:
SF:/srv/atlas/acmobilewallet/src/router/index.js
FN:7,scrollBehavior
FN:11,component
FN:13,component
FN:18,component
FN:20,component
FN:25,component
FN:27,component
FN:32,component
FN:34,component
FNF:9
FNH:0
FNDA:0,scrollBehavior
FNDA:0,component
FNDA:0,component
FNDA:0,component
FNDA:0,component
FNDA:0,component
FNDA:0,component
FNDA:0,component
FNDA:0,component
DA:1,0
DA:2,0
DA:4,0
DA:7,0
DA:11,0
DA:13,0
DA:18,0
DA:20,0
DA:25,0
DA:27,0
DA:32,0
DA:34,0
LF:12
LH:0
BRF:0
BRH:0
end_of_record
TN:
SF:/srv/atlas/acmobilewallet/src/store/index.js
FN:9,_default
FNF:1
FNH:0
FNDA:0,_default
DA:1,0
DA:2,0
DA:4,0
DA:5,0
DA:7,0
DA:10,0
DA:17,0
LF:7
LH:0
BRF:0
BRH:0
end_of_record
TN:
SF:/srv/atlas/acmobilewallet/src/store/module-example/index.js
FNF:0
FNH:0
DA:1,0
DA:2,0
DA:3,0
DA:4,0
LF:4
LH:0
BRF:0
BRH:0
end_of_record
TN:
SF:/srv/atlas/acmobilewallet/src/store/module-wallet/index.js
FNF:0
FNH:0
DA:1,0
DA:2,0
DA:3,0
DA:4,0
LF:4
LH:0
BRF:0
BRH:0
end_of_record
